<?xml version="1.0" encoding="UTF-8"?>
<!-- Generated by org.testng.reporters.JUnitXMLReporter -->
<testsuite ignored="0" hostname="PTalwar" failures="0" tests="3" name="Landing Page Tests" time="10.668" errors="0" timestamp="2020-08-05T14:14:02 EDT">
  <testcase classname="com.tutorialsninja.selenium.HomePageTests" name="validateCurrencyChange" time="3.144"/>
  <testcase classname="com.tutorialsninja.selenium.HomePageTests" name="validateCurrencyElements" time="0.247"/>
  <testcase classname="com.tutorialsninja.selenium.HomePageTests" name="validateLogo" time="0.575"/>
</testsuite> <!-- Landing Page Tests -->
