<?xml version="1.0" encoding="UTF-8"?>
<!-- Generated by org.testng.reporters.JUnitXMLReporter -->
<testsuite ignored="0" hostname="PTalwar" failures="0" tests="4" name="Login/Register Module Tests" time="21.276" errors="0" timestamp="2020-08-05T14:14:24 EDT">
  <testcase classname="com.tutorialsninja.selenium.LoginPageTests" name="forgotPassword" time="2.155"/>
  <testcase classname="com.tutorialsninja.selenium.LoginPageTests" name="testLogin" time="1.533"/>
  <testcase classname="com.tutorialsninja.selenium.LoginPageTests" name="testLogout" time="1.377"/>
  <testcase classname="com.tutorialsninja.selenium.RegistrationTest" name="testRegistration" time="3.987"/>
</testsuite> <!-- Login/Register Module Tests -->
