<?xml version="1.0" encoding="UTF-8"?>
<testsuite xmlns:xsi="http://www.w3.org/2001/XMLSchema-instance" xsi:noNamespaceSchemaLocation="https://maven.apache.org/surefire/maven-surefire-plugin/xsd/surefire-test-report.xsd" name="TestSuite" time="76.753" tests="8" errors="0" skipped="0" failures="0">
  <properties>
[...]
</properties>
  <testcase name="validateCurrencyChange" classname="com.tutorialsninja.selenium.HomePageTests" time="3.147"/>
  <testcase name="validateCurrencyElements" classname="com.tutorialsninja.selenium.HomePageTests" time="0.245"/>
  <testcase name="validateLogo" classname="com.tutorialsninja.selenium.HomePageTests" time="0.575"/>
  <testcase name="forgotPassword" classname="com.tutorialsninja.selenium.LoginPageTests" time="2.157"/>
  <testcase name="testLogin" classname="com.tutorialsninja.selenium.LoginPageTests" time="1.532"/>
  <testcase name="testLogout" classname="com.tutorialsninja.selenium.LoginPageTests" time="1.378"/>
  <testcase name="testRegistration" classname="com.tutorialsninja.selenium.RegistrationTest" time="3.988"/>
  <testcase name="testCheckout" classname="com.tutorialsninja.selenium.CheckoutTest" time="36.218"/>
</testsuite>