<?xml version="1.0" encoding="UTF-8"?>
<testng-results ignored="0" total="1" passed="1" failed="0" skipped="0">
  <reporter-output>
  </reporter-output>
  <suite started-at="2020-08-04T17:49:34 EDT" name="Default suite" finished-at="2020-08-04T17:50:12 EDT" duration-ms="37681">
    <groups>
    </groups>
    <test started-at="2020-08-04T17:49:34 EDT" name="Default test" finished-at="2020-08-04T17:50:12 EDT" duration-ms="37681">
      <class name="com.tutorialsninja.selenium.CheckoutTest">
        <test-method is-config="true" signature="initialize()[pri:0, instance:com.tutorialsninja.selenium.CheckoutTest@16e7dcfd]" started-at="2020-08-04T17:49:34 EDT" name="initialize" finished-at="2020-08-04T17:49:42 EDT" duration-ms="7940" status="PASS">
          <reporter-output>
          </reporter-output>
        </test-method> <!-- initialize -->
        <test-method signature="testCheckout()[pri:0, instance:com.tutorialsninja.selenium.CheckoutTest@16e7dcfd]" started-at="2020-08-04T17:49:42 EDT" name="testCheckout" finished-at="2020-08-04T17:50:12 EDT" duration-ms="29652" status="PASS">
          <reporter-output>
          </reporter-output>
        </test-method> <!-- testCheckout -->
      </class> <!-- com.tutorialsninja.selenium.CheckoutTest -->
    </test> <!-- Default test -->
  </suite> <!-- Default suite -->
</testng-results>
